# JRE version: OpenJDK Runtime Environment (17.0.6) (build 17.0.6+0-b2043.56-10027231)
# Java VM: OpenJDK 64-Bit Server VM (17.0.6+0-b2043.56-10027231, mixed mode, tiered, compressed oops, compressed class ptrs, g1 gc, windows-amd64)
GC Precious Log:
 CPUs: 12 total, 12 available
 Memory: 16163M
 Large Page Support: Disabled
 NUMA Support: Disabled
 Compressed Oops: Enabled (32-bit)
 Heap Region Size: 1M
 Heap Min Capacity: 8M
 Heap Initial Capacity: 254M
 Heap Max Capacity: 2G
 Pre-touch: Disabled
 Parallel Workers: 10
 Concurrent Workers: 3
 Concurrent Refinement Workers: 10
 Periodic GC: Disabled
Heap:
 garbage-first heap   total 178176K, used 97991K [0x0000000080000000, 0x0000000100000000)
  region size 1024K, 4 young (4096K), 2 survivors (2048K)
 Metaspace       used 68481K, committed 69184K, reserved 1114112K
  class space    used 9036K, committed 9344K, reserved 1048576K
GC Heap History (20 events):
Event: 3.727 GC heap before
{Heap before GC invocations=13 (full 0):
 garbage-first heap   total 119808K, used 85464K [0x0000000080000000, 0x0000000100000000)
  region size 1024K, 35 young (35840K), 6 survivors (6144K)
 Metaspace       used 45860K, committed 46272K, reserved 1089536K
  class space    used 6093K, committed 6272K, reserved 1048576K
}
Event: 3.731 GC heap after
{Heap after GC invocations=14 (full 0):
 garbage-first heap   total 119808K, used 60419K [0x0000000080000000, 0x0000000100000000)
  region size 1024K, 4 young (4096K), 4 survivors (4096K)
 Metaspace       used 45860K, committed 46272K, reserved 1089536K
  class space    used 6093K, committed 6272K, reserved 1048576K
}
Event: 3.858 GC heap before
{Heap before GC invocations=15 (full 0):
 garbage-first heap   total 119808K, used 73731K [0x0000000080000000, 0x0000000100000000)
  region size 1024K, 15 young (15360K), 4 survivors (4096K)
 Metaspace       used 46523K, committed 46976K, reserved 1097728K
  class space    used 6176K, committed 6336K, reserved 1048576K
}
Event: 3.861 GC heap after
{Heap after GC invocations=16 (full 0):
 garbage-first heap   total 119808K, used 65618K [0x0000000080000000, 0x0000000100000000)
  region size 1024K, 3 young (3072K), 3 survivors (3072K)
 Metaspace       used 46523K, committed 46976K, reserved 1097728K
  class space    used 6176K, committed 6336K, reserved 1048576K
}
Event: 4.146 GC heap before
{Heap before GC invocations=17 (full 0):
 garbage-first heap   total 119808K, used 92242K [0x0000000080000000, 0x0000000100000000)
  region size 1024K, 28 young (28672K), 3 survivors (3072K)
 Metaspace       used 48560K, committed 49088K, reserved 1097728K
  class space    used 6372K, committed 6592K, reserved 1048576K
}
Event: 4.149 GC heap after
{Heap after GC invocations=18 (full 0):
 garbage-first heap   total 154624K, used 67865K [0x0000000080000000, 0x0000000100000000)
  region size 1024K, 4 young (4096K), 4 survivors (4096K)
 Metaspace       used 48560K, committed 49088K, reserved 1097728K
  class space    used 6372K, committed 6592K, reserved 1048576K
}
Event: 4.797 GC heap before
{Heap before GC invocations=18 (full 0):
 garbage-first heap   total 154624K, used 111897K [0x0000000080000000, 0x0000000100000000)
  region size 1024K, 47 young (48128K), 4 survivors (4096K)
 Metaspace       used 53115K, committed 53696K, reserved 1097728K
  class space    used 7101K, committed 7360K, reserved 1048576K
}
Event: 4.802 GC heap after
{Heap after GC invocations=19 (full 0):
 garbage-first heap   total 154624K, used 71798K [0x0000000080000000, 0x0000000100000000)
  region size 1024K, 6 young (6144K), 6 survivors (6144K)
 Metaspace       used 53115K, committed 53696K, reserved 1097728K
  class space    used 7101K, committed 7360K, reserved 1048576K
}
Event: 5.038 GC heap before
{Heap before GC invocations=19 (full 0):
 garbage-first heap   total 154624K, used 103542K [0x0000000080000000, 0x0000000100000000)
  region size 1024K, 37 young (37888K), 6 survivors (6144K)
 Metaspace       used 53743K, committed 54272K, reserved 1097728K
  class space    used 7172K, committed 7424K, reserved 1048576K
}
Event: 5.042 GC heap after
{Heap after GC invocations=20 (full 0):
 garbage-first heap   total 154624K, used 78078K [0x0000000080000000, 0x0000000100000000)
  region size 1024K, 5 young (5120K), 5 survivors (5120K)
 Metaspace       used 53743K, committed 54272K, reserved 1097728K
  class space    used 7172K, committed 7424K, reserved 1048576K
}
Event: 5.095 GC heap before
{Heap before GC invocations=21 (full 0):
 garbage-first heap   total 154624K, used 84222K [0x0000000080000000, 0x0000000100000000)
  region size 1024K, 11 young (11264K), 5 survivors (5120K)
 Metaspace       used 54181K, committed 54784K, reserved 1097728K
  class space    used 7241K, committed 7488K, reserved 1048576K
}
Event: 5.098 GC heap after
{Heap after GC invocations=22 (full 0):
 garbage-first heap   total 154624K, used 81167K [0x0000000080000000, 0x0000000100000000)
  region size 1024K, 2 young (2048K), 2 survivors (2048K)
 Metaspace       used 54181K, committed 54784K, reserved 1097728K
  class space    used 7241K, committed 7488K, reserved 1048576K
}
Event: 5.476 GC heap before
{Heap before GC invocations=23 (full 0):
 garbage-first heap   total 154624K, used 123151K [0x0000000080000000, 0x0000000100000000)
  region size 1024K, 39 young (39936K), 2 survivors (2048K)
 Metaspace       used 59593K, committed 60096K, reserved 1105920K
  class space    used 7902K, committed 8128K, reserved 1048576K
}
Event: 5.478 GC heap after
{Heap after GC invocations=24 (full 0):
 garbage-first heap   total 154624K, used 89088K [0x0000000080000000, 0x0000000100000000)
  region size 1024K, 5 young (5120K), 5 survivors (5120K)
 Metaspace       used 59593K, committed 60096K, reserved 1105920K
  class space    used 7902K, committed 8128K, reserved 1048576K
}
Event: 5.831 GC heap before
{Heap before GC invocations=24 (full 0):
 garbage-first heap   total 154624K, used 116736K [0x0000000080000000, 0x0000000100000000)
  region size 1024K, 33 young (33792K), 5 survivors (5120K)
 Metaspace       used 64860K, committed 65600K, reserved 1105920K
  class space    used 8578K, committed 8896K, reserved 1048576K
}
Event: 5.835 GC heap after
{Heap after GC invocations=25 (full 0):
 garbage-first heap   total 154624K, used 92039K [0x0000000080000000, 0x0000000100000000)
  region size 1024K, 3 young (3072K), 3 survivors (3072K)
 Metaspace       used 64860K, committed 65600K, reserved 1105920K
  class space    used 8578K, committed 8896K, reserved 1048576K
}
Event: 6.123 GC heap before
{Heap before GC invocations=26 (full 0):
 garbage-first heap   total 178176K, used 130951K [0x0000000080000000, 0x0000000100000000)
  region size 1024K, 35 young (35840K), 3 survivors (3072K)
 Metaspace       used 67023K, committed 67648K, reserved 1114112K
  class space    used 8870K, committed 9152K, reserved 1048576K
}
Event: 6.128 GC heap after
{Heap after GC invocations=27 (full 0):
 garbage-first heap   total 178176K, used 95065K [0x0000000080000000, 0x0000000100000000)
  region size 1024K, 4 young (4096K), 4 survivors (4096K)
 Metaspace       used 67023K, committed 67648K, reserved 1114112K
  class space    used 8870K, committed 9152K, reserved 1048576K
}
Event: 6.165 GC heap before
{Heap before GC invocations=27 (full 0):
 garbage-first heap   total 178176K, used 99161K [0x0000000080000000, 0x0000000100000000)
  region size 1024K, 8 young (8192K), 4 survivors (4096K)
 Metaspace       used 67340K, committed 68032K, reserved 1114112K
  class space    used 8905K, committed 9216K, reserved 1048576K
}
Event: 6.167 GC heap after
{Heap after GC invocations=28 (full 0):
 garbage-first heap   total 178176K, used 95201K [0x0000000080000000, 0x0000000100000000)
  region size 1024K, 1 young (1024K), 1 survivors (1024K)
 Metaspace       used 67340K, committed 68032K, reserved 1114112K
  class space    used 8905K, committed 9216K, reserved 1048576K
}

