# JRE version: OpenJDK Runtime Environment (17.0.6) (build 17.0.6+0-b2043.56-10027231)
# Java VM: OpenJDK 64-Bit Server VM (17.0.6+0-b2043.56-10027231, mixed mode, tiered, compressed oops, compressed class ptrs, g1 gc, windows-amd64)
GC Precious Log:
 CPUs: 12 total, 12 available
 Memory: 16163M
 Large Page Support: Disabled
 NUMA Support: Disabled
 Compressed Oops: Enabled (32-bit)
 Heap Region Size: 1M
 Heap Min Capacity: 8M
 Heap Initial Capacity: 254M
 Heap Max Capacity: 2G
 Pre-touch: Disabled
 Parallel Workers: 10
 Concurrent Workers: 3
 Concurrent Refinement Workers: 10
 Periodic GC: Disabled
Heap:
 garbage-first heap   total 158720K, used 105030K [0x0000000080000000, 0x0000000100000000)
  region size 1024K, 12 young (12288K), 3 survivors (3072K)
 Metaspace       used 70512K, committed 71232K, reserved 1114112K
  class space    used 9298K, committed 9600K, reserved 1048576K
GC Heap History (20 events):
Event: 3.935 GC heap before
{Heap before GC invocations=20 (full 0):
 garbage-first heap   total 122880K, used 74503K [0x0000000080000000, 0x0000000100000000)
  region size 1024K, 15 young (15360K), 4 survivors (4096K)
 Metaspace       used 46512K, committed 46976K, reserved 1097728K
  class space    used 6171K, committed 6336K, reserved 1048576K
}
Event: 3.937 GC heap after
{Heap after GC invocations=21 (full 0):
 garbage-first heap   total 122880K, used 66483K [0x0000000080000000, 0x0000000100000000)
  region size 1024K, 4 young (4096K), 4 survivors (4096K)
 Metaspace       used 46512K, committed 46976K, reserved 1097728K
  class space    used 6171K, committed 6336K, reserved 1048576K
}
Event: 4.206 GC heap before
{Heap before GC invocations=22 (full 0):
 garbage-first heap   total 122880K, used 93107K [0x0000000080000000, 0x0000000100000000)
  region size 1024K, 29 young (29696K), 4 survivors (4096K)
 Metaspace       used 48553K, committed 49088K, reserved 1097728K
  class space    used 6367K, committed 6592K, reserved 1048576K
}
Event: 4.209 GC heap after
{Heap after GC invocations=23 (full 0):
 garbage-first heap   total 122880K, used 68512K [0x0000000080000000, 0x0000000100000000)
  region size 1024K, 4 young (4096K), 4 survivors (4096K)
 Metaspace       used 48553K, committed 49088K, reserved 1097728K
  class space    used 6367K, committed 6592K, reserved 1048576K
}
Event: 4.512 GC heap before
{Heap before GC invocations=23 (full 0):
 garbage-first heap   total 122880K, used 93088K [0x0000000080000000, 0x0000000100000000)
  region size 1024K, 29 young (29696K), 4 survivors (4096K)
 Metaspace       used 51285K, committed 51776K, reserved 1097728K
  class space    used 6846K, committed 7040K, reserved 1048576K
}
Event: 4.516 GC heap after
{Heap after GC invocations=24 (full 0):
 garbage-first heap   total 147456K, used 70926K [0x0000000080000000, 0x0000000100000000)
  region size 1024K, 3 young (3072K), 3 survivors (3072K)
 Metaspace       used 51285K, committed 51776K, reserved 1097728K
  class space    used 6846K, committed 7040K, reserved 1048576K
}
Event: 5.129 GC heap before
{Heap before GC invocations=25 (full 0):
 garbage-first heap   total 147456K, used 109838K [0x0000000080000000, 0x0000000100000000)
  region size 1024K, 41 young (41984K), 3 survivors (3072K)
 Metaspace       used 57462K, committed 58048K, reserved 1105920K
  class space    used 7632K, committed 7872K, reserved 1048576K
}
Event: 5.132 GC heap after
{Heap after GC invocations=26 (full 0):
 garbage-first heap   total 147456K, used 74502K [0x0000000080000000, 0x0000000100000000)
  region size 1024K, 6 young (6144K), 6 survivors (6144K)
 Metaspace       used 57462K, committed 58048K, reserved 1105920K
  class space    used 7632K, committed 7872K, reserved 1048576K
}
Event: 7.025 GC heap before
{Heap before GC invocations=26 (full 0):
 garbage-first heap   total 147456K, used 103174K [0x0000000080000000, 0x0000000100000000)
  region size 1024K, 36 young (36864K), 6 survivors (6144K)
 Metaspace       used 60477K, committed 61056K, reserved 1105920K
  class space    used 8005K, committed 8256K, reserved 1048576K
}
Event: 7.029 GC heap after
{Heap after GC invocations=27 (full 0):
 garbage-first heap   total 147456K, used 76548K [0x0000000080000000, 0x0000000100000000)
  region size 1024K, 3 young (3072K), 3 survivors (3072K)
 Metaspace       used 60477K, committed 61056K, reserved 1105920K
  class space    used 8005K, committed 8256K, reserved 1048576K
}
Event: 7.064 GC heap before
{Heap before GC invocations=28 (full 0):
 garbage-first heap   total 147456K, used 79620K [0x0000000080000000, 0x0000000100000000)
  region size 1024K, 6 young (6144K), 3 survivors (3072K)
 Metaspace       used 60513K, committed 61056K, reserved 1105920K
  class space    used 8009K, committed 8256K, reserved 1048576K
}
Event: 7.066 GC heap after
{Heap after GC invocations=29 (full 0):
 garbage-first heap   total 147456K, used 80101K [0x0000000080000000, 0x0000000100000000)
  region size 1024K, 4 young (4096K), 4 survivors (4096K)
 Metaspace       used 60513K, committed 61056K, reserved 1105920K
  class space    used 8009K, committed 8256K, reserved 1048576K
}
Event: 7.147 GC heap before
{Heap before GC invocations=30 (full 0):
 garbage-first heap   total 147456K, used 86245K [0x0000000080000000, 0x0000000100000000)
  region size 1024K, 10 young (10240K), 4 survivors (4096K)
 Metaspace       used 60948K, committed 61504K, reserved 1105920K
  class space    used 8079K, committed 8320K, reserved 1048576K
}
Event: 7.150 GC heap after
{Heap after GC invocations=31 (full 0):
 garbage-first heap   total 147456K, used 82886K [0x0000000080000000, 0x0000000100000000)
  region size 1024K, 4 young (4096K), 4 survivors (4096K)
 Metaspace       used 60948K, committed 61504K, reserved 1105920K
  class space    used 8079K, committed 8320K, reserved 1048576K
}
Event: 7.458 GC heap before
{Heap before GC invocations=32 (full 0):
 garbage-first heap   total 153600K, used 114630K [0x0000000080000000, 0x0000000100000000)
  region size 1024K, 31 young (31744K), 4 survivors (4096K)
 Metaspace       used 64184K, committed 64768K, reserved 1105920K
  class space    used 8523K, committed 8768K, reserved 1048576K
}
Event: 7.460 GC heap after
{Heap after GC invocations=33 (full 0):
 garbage-first heap   total 153600K, used 90620K [0x0000000080000000, 0x0000000100000000)
  region size 1024K, 4 young (4096K), 4 survivors (4096K)
 Metaspace       used 64184K, committed 64768K, reserved 1105920K
  class space    used 8523K, committed 8768K, reserved 1048576K
}
Event: 7.754 GC heap before
{Heap before GC invocations=33 (full 0):
 garbage-first heap   total 153600K, used 117244K [0x0000000080000000, 0x0000000100000000)
  region size 1024K, 30 young (30720K), 4 survivors (4096K)
 Metaspace       used 68559K, committed 69184K, reserved 1114112K
  class space    used 9038K, committed 9280K, reserved 1048576K
}
Event: 7.757 GC heap after
{Heap after GC invocations=34 (full 0):
 garbage-first heap   total 153600K, used 92037K [0x0000000080000000, 0x0000000100000000)
  region size 1024K, 2 young (2048K), 2 survivors (2048K)
 Metaspace       used 68559K, committed 69184K, reserved 1114112K
  class space    used 9038K, committed 9280K, reserved 1048576K
}
Event: 7.892 GC heap before
{Heap before GC invocations=35 (full 0):
 garbage-first heap   total 158720K, used 101253K [0x0000000080000000, 0x0000000100000000)
  region size 1024K, 13 young (13312K), 2 survivors (2048K)
 Metaspace       used 70507K, committed 71232K, reserved 1114112K
  class space    used 9297K, committed 9600K, reserved 1048576K
}
Event: 7.894 GC heap after
{Heap after GC invocations=36 (full 0):
 garbage-first heap   total 158720K, used 93766K [0x0000000080000000, 0x0000000100000000)
  region size 1024K, 3 young (3072K), 3 survivors (3072K)
 Metaspace       used 70507K, committed 71232K, reserved 1114112K
  class space    used 9297K, committed 9600K, reserved 1048576K
}

